<?xml version="1.0" encoding="UTF-8"?>
<testsuite xmlns:xsi="http://www.w3.org/2001/XMLSchema-instance" xsi:noNamespaceSchemaLocation="https://maven.apache.org/surefire/maven-surefire-plugin/xsd/surefire-test-report.xsd" name="cn.goktech.SpringbootApplicationTests" time="6.214" tests="1" errors="0" skipped="0" failures="0">
  <properties>
    <property name="java.specification.version" value="15"/>
    <property name="sun.cpu.isalist" value="amd64"/>
    <property name="sun.jnu.encoding" value="GBK"/>
    <property name="java.class.path" value="C:\Users\Chen\Desktop\作业\06springboot作业-陈明涛\06springboot作业-陈明涛\springboot\target\test-classes;C:\Users\Chen\Desktop\作业\06springboot作业-陈明涛\06springboot作业-陈明涛\springboot\target\classes;F:\maven\repository\org\springframework\boot\spring-boot-starter\2.5.6\spring-boot-starter-2.5.6.jar;F:\maven\repository\org\springframework\boot\spring-boot\2.5.6\spring-boot-2.5.6.jar;F:\maven\repository\org\springframework\spring-context\5.3.12\spring-context-5.3.12.jar;F:\maven\repository\org\springframework\boot\spring-boot-autoconfigure\2.5.6\spring-boot-autoconfigure-2.5.6.jar;F:\maven\repository\org\springframework\boot\spring-boot-starter-logging\2.5.6\spring-boot-starter-logging-2.5.6.jar;F:\maven\repository\ch\qos\logback\logback-classic\1.2.6\logback-classic-1.2.6.jar;F:\maven\repository\ch\qos\logback\logback-core\1.2.6\logback-core-1.2.6.jar;F:\maven\repository\org\apache\logging\log4j\log4j-to-slf4j\2.14.1\log4j-to-slf4j-2.14.1.jar;F:\maven\repository\org\apache\logging\log4j\log4j-api\2.14.1\log4j-api-2.14.1.jar;F:\maven\repository\org\slf4j\jul-to-slf4j\1.7.32\jul-to-slf4j-1.7.32.jar;F:\maven\repository\jakarta\annotation\jakarta.annotation-api\1.3.5\jakarta.annotation-api-1.3.5.jar;F:\maven\repository\org\springframework\spring-core\5.3.12\spring-core-5.3.12.jar;F:\maven\repository\org\springframework\spring-jcl\5.3.12\spring-jcl-5.3.12.jar;F:\maven\repository\org\yaml\snakeyaml\1.28\snakeyaml-1.28.jar;F:\maven\repository\org\mybatis\spring\boot\mybatis-spring-boot-starter\2.1.0\mybatis-spring-boot-starter-2.1.0.jar;F:\maven\repository\org\springframework\boot\spring-boot-starter-jdbc\2.5.6\spring-boot-starter-jdbc-2.5.6.jar;F:\maven\repository\com\zaxxer\HikariCP\4.0.3\HikariCP-4.0.3.jar;F:\maven\repository\org\springframework\spring-jdbc\5.3.12\spring-jdbc-5.3.12.jar;F:\maven\repository\org\springframework\spring-tx\5.3.12\spring-tx-5.3.12.jar;F:\maven\repository\org\mybatis\spring\boot\mybatis-spring-boot-autoconfigure\2.1.0\mybatis-spring-boot-autoconfigure-2.1.0.jar;F:\maven\repository\org\mybatis\mybatis-spring\2.0.2\mybatis-spring-2.0.2.jar;F:\maven\repository\mysql\mysql-connector-java\8.0.27\mysql-connector-java-8.0.27.jar;F:\maven\repository\com\alibaba\druid-spring-boot-starter\1.1.10\druid-spring-boot-starter-1.1.10.jar;F:\maven\repository\com\alibaba\druid\1.1.10\druid-1.1.10.jar;F:\maven\repository\org\slf4j\slf4j-api\1.7.32\slf4j-api-1.7.32.jar;F:\maven\repository\com\github\pagehelper\pagehelper-spring-boot-starter\1.2.12\pagehelper-spring-boot-starter-1.2.12.jar;F:\maven\repository\com\github\pagehelper\pagehelper-spring-boot-autoconfigure\1.2.12\pagehelper-spring-boot-autoconfigure-1.2.12.jar;F:\maven\repository\com\github\pagehelper\pagehelper\5.1.10\pagehelper-5.1.10.jar;F:\maven\repository\com\github\jsqlparser\jsqlparser\2.0\jsqlparser-2.0.jar;F:\maven\repository\org\springframework\boot\spring-boot-starter-thymeleaf\2.5.6\spring-boot-starter-thymeleaf-2.5.6.jar;F:\maven\repository\org\thymeleaf\thymeleaf-spring5\3.0.12.RELEASE\thymeleaf-spring5-3.0.12.RELEASE.jar;F:\maven\repository\org\thymeleaf\thymeleaf\3.0.12.RELEASE\thymeleaf-3.0.12.RELEASE.jar;F:\maven\repository\org\attoparser\attoparser\2.0.5.RELEASE\attoparser-2.0.5.RELEASE.jar;F:\maven\repository\org\unbescape\unbescape\1.1.6.RELEASE\unbescape-1.1.6.RELEASE.jar;F:\maven\repository\org\thymeleaf\extras\thymeleaf-extras-java8time\3.0.4.RELEASE\thymeleaf-extras-java8time-3.0.4.RELEASE.jar;F:\maven\repository\org\springframework\boot\spring-boot-devtools\2.5.6\spring-boot-devtools-2.5.6.jar;F:\maven\repository\org\springframework\boot\spring-boot-maven-plugin\2.4.0\spring-boot-maven-plugin-2.4.0.jar;F:\maven\repository\org\springframework\boot\spring-boot-buildpack-platform\2.5.6\spring-boot-buildpack-platform-2.5.6.jar;F:\maven\repository\com\fasterxml\jackson\core\jackson-databind\2.12.5\jackson-databind-2.12.5.jar;F:\maven\repository\com\fasterxml\jackson\core\jackson-annotations\2.12.5\jackson-annotations-2.12.5.jar;F:\maven\repository\com\fasterxml\jackson\core\jackson-core\2.12.5\jackson-core-2.12.5.jar;F:\maven\repository\com\fasterxml\jackson\module\jackson-module-parameter-names\2.12.5\jackson-module-parameter-names-2.12.5.jar;F:\maven\repository\net\java\dev\jna\jna-platform\5.7.0\jna-platform-5.7.0.jar;F:\maven\repository\net\java\dev\jna\jna\5.7.0\jna-5.7.0.jar;F:\maven\repository\org\apache\commons\commons-compress\1.20\commons-compress-1.20.jar;F:\maven\repository\org\apache\httpcomponents\httpclient\4.5.13\httpclient-4.5.13.jar;F:\maven\repository\org\apache\httpcomponents\httpcore\4.4.14\httpcore-4.4.14.jar;F:\maven\repository\commons-codec\commons-codec\1.15\commons-codec-1.15.jar;F:\maven\repository\org\tomlj\tomlj\1.0.0\tomlj-1.0.0.jar;F:\maven\repository\org\antlr\antlr4-runtime\4.7.2\antlr4-runtime-4.7.2.jar;F:\maven\repository\com\google\code\findbugs\jsr305\3.0.2\jsr305-3.0.2.jar;F:\maven\repository\org\springframework\boot\spring-boot-loader-tools\2.5.6\spring-boot-loader-tools-2.5.6.jar;F:\maven\repository\org\apache\maven\shared\maven-common-artifact-filters\3.1.0\maven-common-artifact-filters-3.1.0.jar;F:\maven\repository\org\apache\maven\maven-artifact\3.0\maven-artifact-3.0.jar;F:\maven\repository\org\apache\maven\maven-model\3.0\maven-model-3.0.jar;F:\maven\repository\org\apache\maven\maven-core\3.0\maven-core-3.0.jar;F:\maven\repository\org\apache\maven\maven-settings\3.0\maven-settings-3.0.jar;F:\maven\repository\org\apache\maven\maven-settings-builder\3.0\maven-settings-builder-3.0.jar;F:\maven\repository\org\apache\maven\maven-repository-metadata\3.0\maven-repository-metadata-3.0.jar;F:\maven\repository\org\apache\maven\maven-model-builder\3.0\maven-model-builder-3.0.jar;F:\maven\repository\org\apache\maven\maven-aether-provider\3.0\maven-aether-provider-3.0.jar;F:\maven\repository\org\sonatype\aether\aether-impl\1.7\aether-impl-1.7.jar;F:\maven\repository\org\sonatype\aether\aether-spi\1.7\aether-spi-1.7.jar;F:\maven\repository\org\sonatype\aether\aether-api\1.7\aether-api-1.7.jar;F:\maven\repository\org\sonatype\aether\aether-util\1.7\aether-util-1.7.jar;F:\maven\repository\org\codehaus\plexus\plexus-interpolation\1.14\plexus-interpolation-1.14.jar;F:\maven\repository\org\codehaus\plexus\plexus-component-annotations\1.5.5\plexus-component-annotations-1.5.5.jar;F:\maven\repository\org\sonatype\plexus\plexus-sec-dispatcher\1.3\plexus-sec-dispatcher-1.3.jar;F:\maven\repository\org\sonatype\plexus\plexus-cipher\1.4\plexus-cipher-1.4.jar;F:\maven\repository\org\sonatype\sisu\sisu-inject-plexus\1.4.2\sisu-inject-plexus-1.4.2.jar;F:\maven\repository\org\sonatype\sisu\sisu-inject-bean\1.4.2\sisu-inject-bean-1.4.2.jar;F:\maven\repository\org\sonatype\sisu\sisu-guice\2.1.7\sisu-guice-2.1.7-noaop.jar;F:\maven\repository\org\apache\maven\shared\maven-shared-utils\3.1.0\maven-shared-utils-3.1.0.jar;F:\maven\repository\org\apache\maven\maven-plugin-api\3.6.3\maven-plugin-api-3.6.3.jar;F:\maven\repository\org\eclipse\sisu\org.eclipse.sisu.plexus\0.3.4\org.eclipse.sisu.plexus-0.3.4.jar;F:\maven\repository\javax\enterprise\cdi-api\1.0\cdi-api-1.0.jar;F:\maven\repository\javax\annotation\jsr250-api\1.0\jsr250-api-1.0.jar;F:\maven\repository\javax\inject\javax.inject\1\javax.inject-1.jar;F:\maven\repository\org\eclipse\sisu\org.eclipse.sisu.inject\0.3.4\org.eclipse.sisu.inject-0.3.4.jar;F:\maven\repository\org\codehaus\plexus\plexus-utils\3.2.1\plexus-utils-3.2.1.jar;F:\maven\repository\org\codehaus\plexus\plexus-classworlds\2.6.0\plexus-classworlds-2.6.0.jar;F:\maven\repository\org\sonatype\plexus\plexus-build-api\0.0.7\plexus-build-api-0.0.7.jar;F:\maven\repository\org\springframework\boot\spring-boot-starter-test\2.5.6\spring-boot-starter-test-2.5.6.jar;F:\maven\repository\org\springframework\boot\spring-boot-test\2.5.6\spring-boot-test-2.5.6.jar;F:\maven\repository\org\springframework\boot\spring-boot-test-autoconfigure\2.5.6\spring-boot-test-autoconfigure-2.5.6.jar;F:\maven\repository\com\jayway\jsonpath\json-path\2.5.0\json-path-2.5.0.jar;F:\maven\repository\net\minidev\json-smart\2.4.7\json-smart-2.4.7.jar;F:\maven\repository\net\minidev\accessors-smart\2.4.7\accessors-smart-2.4.7.jar;F:\maven\repository\org\ow2\asm\asm\9.1\asm-9.1.jar;F:\maven\repository\jakarta\xml\bind\jakarta.xml.bind-api\2.3.3\jakarta.xml.bind-api-2.3.3.jar;F:\maven\repository\jakarta\activation\jakarta.activation-api\1.2.2\jakarta.activation-api-1.2.2.jar;F:\maven\repository\org\assertj\assertj-core\3.19.0\assertj-core-3.19.0.jar;F:\maven\repository\org\hamcrest\hamcrest\2.2\hamcrest-2.2.jar;F:\maven\repository\org\junit\jupiter\junit-jupiter\5.7.2\junit-jupiter-5.7.2.jar;F:\maven\repository\org\junit\jupiter\junit-jupiter-api\5.7.2\junit-jupiter-api-5.7.2.jar;F:\maven\repository\org\apiguardian\apiguardian-api\1.1.0\apiguardian-api-1.1.0.jar;F:\maven\repository\org\opentest4j\opentest4j\1.2.0\opentest4j-1.2.0.jar;F:\maven\repository\org\junit\platform\junit-platform-commons\1.7.2\junit-platform-commons-1.7.2.jar;F:\maven\repository\org\junit\jupiter\junit-jupiter-params\5.7.2\junit-jupiter-params-5.7.2.jar;F:\maven\repository\org\junit\jupiter\junit-jupiter-engine\5.7.2\junit-jupiter-engine-5.7.2.jar;F:\maven\repository\org\junit\platform\junit-platform-engine\1.7.2\junit-platform-engine-1.7.2.jar;F:\maven\repository\org\mockito\mockito-core\3.9.0\mockito-core-3.9.0.jar;F:\maven\repository\net\bytebuddy\byte-buddy\1.10.22\byte-buddy-1.10.22.jar;F:\maven\repository\net\bytebuddy\byte-buddy-agent\1.10.22\byte-buddy-agent-1.10.22.jar;F:\maven\repository\org\objenesis\objenesis\3.2\objenesis-3.2.jar;F:\maven\repository\org\mockito\mockito-junit-jupiter\3.9.0\mockito-junit-jupiter-3.9.0.jar;F:\maven\repository\org\skyscreamer\jsonassert\1.5.0\jsonassert-1.5.0.jar;F:\maven\repository\com\vaadin\external\google\android-json\0.0.20131108.vaadin1\android-json-0.0.20131108.vaadin1.jar;F:\maven\repository\org\springframework\spring-test\5.3.12\spring-test-5.3.12.jar;F:\maven\repository\org\springframework\boot\spring-boot-starter-web\2.5.6\spring-boot-starter-web-2.5.6.jar;F:\maven\repository\org\springframework\boot\spring-boot-starter-json\2.5.6\spring-boot-starter-json-2.5.6.jar;F:\maven\repository\com\fasterxml\jackson\datatype\jackson-datatype-jdk8\2.12.5\jackson-datatype-jdk8-2.12.5.jar;F:\maven\repository\com\fasterxml\jackson\datatype\jackson-datatype-jsr310\2.12.5\jackson-datatype-jsr310-2.12.5.jar;F:\maven\repository\org\springframework\boot\spring-boot-starter-tomcat\2.5.6\spring-boot-starter-tomcat-2.5.6.jar;F:\maven\repository\org\apache\tomcat\embed\tomcat-embed-core\9.0.54\tomcat-embed-core-9.0.54.jar;F:\maven\repository\org\apache\tomcat\embed\tomcat-embed-el\9.0.54\tomcat-embed-el-9.0.54.jar;F:\maven\repository\org\apache\tomcat\embed\tomcat-embed-websocket\9.0.54\tomcat-embed-websocket-9.0.54.jar;F:\maven\repository\org\springframework\spring-web\5.3.12\spring-web-5.3.12.jar;F:\maven\repository\org\springframework\spring-beans\5.3.12\spring-beans-5.3.12.jar;F:\maven\repository\org\springframework\spring-webmvc\5.3.12\spring-webmvc-5.3.12.jar;F:\maven\repository\org\springframework\spring-aop\5.3.12\spring-aop-5.3.12.jar;F:\maven\repository\org\springframework\spring-expression\5.3.12\spring-expression-5.3.12.jar;F:\maven\repository\org\projectlombok\lombok\1.18.22\lombok-1.18.22.jar;F:\maven\repository\org\mybatis\mybatis\3.4.4\mybatis-3.4.4.jar;F:\maven\repository\org\xmlunit\xmlunit-core\2.8.3\xmlunit-core-2.8.3.jar;F:\maven\repository\hu\blackbelt\bundles\swagger-parser\io.swagger.parser\1.0.47_1\io.swagger.parser-1.0.47_1.jar;F:\maven\repository\io\swagger\swagger-parser\1.0.47\swagger-parser-1.0.47.jar;F:\maven\repository\io\swagger\swagger-core\1.5.24\swagger-core-1.5.24.jar;F:\maven\repository\org\apache\commons\commons-lang3\3.12.0\commons-lang3-3.12.0.jar;F:\maven\repository\com\fasterxml\jackson\dataformat\jackson-dataformat-yaml\2.12.5\jackson-dataformat-yaml-2.12.5.jar;F:\maven\repository\io\swagger\swagger-models\1.5.24\swagger-models-1.5.24.jar;F:\maven\repository\io\swagger\swagger-annotations\1.5.24\swagger-annotations-1.5.24.jar;F:\maven\repository\com\google\guava\guava\27.0.1-android\guava-27.0.1-android.jar;F:\maven\repository\com\google\guava\failureaccess\1.0.1\failureaccess-1.0.1.jar;F:\maven\repository\com\google\guava\listenablefuture\9999.0-empty-to-avoid-conflict-with-guava\listenablefuture-9999.0-empty-to-avoid-conflict-with-guava.jar;F:\maven\repository\org\checkerframework\checker-compat-qual\2.5.2\checker-compat-qual-2.5.2.jar;F:\maven\repository\com\google\errorprone\error_prone_annotations\2.2.0\error_prone_annotations-2.2.0.jar;F:\maven\repository\com\google\j2objc\j2objc-annotations\1.1\j2objc-annotations-1.1.jar;F:\maven\repository\org\codehaus\mojo\animal-sniffer-annotations\1.17\animal-sniffer-annotations-1.17.jar;F:\maven\repository\javax\validation\validation-api\2.0.1.Final\validation-api-2.0.1.Final.jar;F:\maven\repository\org\slf4j\slf4j-ext\1.7.32\slf4j-ext-1.7.32.jar;F:\maven\repository\commons-io\commons-io\2.4\commons-io-2.4.jar;"/>
    <property name="java.vm.vendor" value="Oracle Corporation"/>
    <property name="sun.arch.data.model" value="64"/>
    <property name="user.variant" value=""/>
    <property name="java.vendor.url" value="https://java.oracle.com/"/>
    <property name="user.timezone" value="Asia/Shanghai"/>
    <property name="os.name" value="Windows 10"/>
    <property name="java.vm.specification.version" value="15"/>
    <property name="sun.java.launcher" value="SUN_STANDARD"/>
    <property name="user.country" value="CN"/>
    <property name="sun.boot.library.path" value="C:\Program Files\Java\jdk-15.0.2\bin"/>
    <property name="sun.java.command" value="C:\Users\Chen\AppData\Local\Temp\surefire14844894521853719520\surefirebooter10193934865335992926.jar C:\Users\Chen\AppData\Local\Temp\surefire14844894521853719520 2021-11-07T10-12-41_689-jvmRun1 surefire2708641378967633304tmp surefire_016088080655569920556tmp"/>
    <property name="jdk.debug" value="release"/>
    <property name="surefire.test.class.path" value="C:\Users\Chen\Desktop\作业\06springboot作业-陈明涛\06springboot作业-陈明涛\springboot\target\test-classes;C:\Users\Chen\Desktop\作业\06springboot作业-陈明涛\06springboot作业-陈明涛\springboot\target\classes;F:\maven\repository\org\springframework\boot\spring-boot-starter\2.5.6\spring-boot-starter-2.5.6.jar;F:\maven\repository\org\springframework\boot\spring-boot\2.5.6\spring-boot-2.5.6.jar;F:\maven\repository\org\springframework\spring-context\5.3.12\spring-context-5.3.12.jar;F:\maven\repository\org\springframework\boot\spring-boot-autoconfigure\2.5.6\spring-boot-autoconfigure-2.5.6.jar;F:\maven\repository\org\springframework\boot\spring-boot-starter-logging\2.5.6\spring-boot-starter-logging-2.5.6.jar;F:\maven\repository\ch\qos\logback\logback-classic\1.2.6\logback-classic-1.2.6.jar;F:\maven\repository\ch\qos\logback\logback-core\1.2.6\logback-core-1.2.6.jar;F:\maven\repository\org\apache\logging\log4j\log4j-to-slf4j\2.14.1\log4j-to-slf4j-2.14.1.jar;F:\maven\repository\org\apache\logging\log4j\log4j-api\2.14.1\log4j-api-2.14.1.jar;F:\maven\repository\org\slf4j\jul-to-slf4j\1.7.32\jul-to-slf4j-1.7.32.jar;F:\maven\repository\jakarta\annotation\jakarta.annotation-api\1.3.5\jakarta.annotation-api-1.3.5.jar;F:\maven\repository\org\springframework\spring-core\5.3.12\spring-core-5.3.12.jar;F:\maven\repository\org\springframework\spring-jcl\5.3.12\spring-jcl-5.3.12.jar;F:\maven\repository\org\yaml\snakeyaml\1.28\snakeyaml-1.28.jar;F:\maven\repository\org\mybatis\spring\boot\mybatis-spring-boot-starter\2.1.0\mybatis-spring-boot-starter-2.1.0.jar;F:\maven\repository\org\springframework\boot\spring-boot-starter-jdbc\2.5.6\spring-boot-starter-jdbc-2.5.6.jar;F:\maven\repository\com\zaxxer\HikariCP\4.0.3\HikariCP-4.0.3.jar;F:\maven\repository\org\springframework\spring-jdbc\5.3.12\spring-jdbc-5.3.12.jar;F:\maven\repository\org\springframework\spring-tx\5.3.12\spring-tx-5.3.12.jar;F:\maven\repository\org\mybatis\spring\boot\mybatis-spring-boot-autoconfigure\2.1.0\mybatis-spring-boot-autoconfigure-2.1.0.jar;F:\maven\repository\org\mybatis\mybatis-spring\2.0.2\mybatis-spring-2.0.2.jar;F:\maven\repository\mysql\mysql-connector-java\8.0.27\mysql-connector-java-8.0.27.jar;F:\maven\repository\com\alibaba\druid-spring-boot-starter\1.1.10\druid-spring-boot-starter-1.1.10.jar;F:\maven\repository\com\alibaba\druid\1.1.10\druid-1.1.10.jar;F:\maven\repository\org\slf4j\slf4j-api\1.7.32\slf4j-api-1.7.32.jar;F:\maven\repository\com\github\pagehelper\pagehelper-spring-boot-starter\1.2.12\pagehelper-spring-boot-starter-1.2.12.jar;F:\maven\repository\com\github\pagehelper\pagehelper-spring-boot-autoconfigure\1.2.12\pagehelper-spring-boot-autoconfigure-1.2.12.jar;F:\maven\repository\com\github\pagehelper\pagehelper\5.1.10\pagehelper-5.1.10.jar;F:\maven\repository\com\github\jsqlparser\jsqlparser\2.0\jsqlparser-2.0.jar;F:\maven\repository\org\springframework\boot\spring-boot-starter-thymeleaf\2.5.6\spring-boot-starter-thymeleaf-2.5.6.jar;F:\maven\repository\org\thymeleaf\thymeleaf-spring5\3.0.12.RELEASE\thymeleaf-spring5-3.0.12.RELEASE.jar;F:\maven\repository\org\thymeleaf\thymeleaf\3.0.12.RELEASE\thymeleaf-3.0.12.RELEASE.jar;F:\maven\repository\org\attoparser\attoparser\2.0.5.RELEASE\attoparser-2.0.5.RELEASE.jar;F:\maven\repository\org\unbescape\unbescape\1.1.6.RELEASE\unbescape-1.1.6.RELEASE.jar;F:\maven\repository\org\thymeleaf\extras\thymeleaf-extras-java8time\3.0.4.RELEASE\thymeleaf-extras-java8time-3.0.4.RELEASE.jar;F:\maven\repository\org\springframework\boot\spring-boot-devtools\2.5.6\spring-boot-devtools-2.5.6.jar;F:\maven\repository\org\springframework\boot\spring-boot-maven-plugin\2.4.0\spring-boot-maven-plugin-2.4.0.jar;F:\maven\repository\org\springframework\boot\spring-boot-buildpack-platform\2.5.6\spring-boot-buildpack-platform-2.5.6.jar;F:\maven\repository\com\fasterxml\jackson\core\jackson-databind\2.12.5\jackson-databind-2.12.5.jar;F:\maven\repository\com\fasterxml\jackson\core\jackson-annotations\2.12.5\jackson-annotations-2.12.5.jar;F:\maven\repository\com\fasterxml\jackson\core\jackson-core\2.12.5\jackson-core-2.12.5.jar;F:\maven\repository\com\fasterxml\jackson\module\jackson-module-parameter-names\2.12.5\jackson-module-parameter-names-2.12.5.jar;F:\maven\repository\net\java\dev\jna\jna-platform\5.7.0\jna-platform-5.7.0.jar;F:\maven\repository\net\java\dev\jna\jna\5.7.0\jna-5.7.0.jar;F:\maven\repository\org\apache\commons\commons-compress\1.20\commons-compress-1.20.jar;F:\maven\repository\org\apache\httpcomponents\httpclient\4.5.13\httpclient-4.5.13.jar;F:\maven\repository\org\apache\httpcomponents\httpcore\4.4.14\httpcore-4.4.14.jar;F:\maven\repository\commons-codec\commons-codec\1.15\commons-codec-1.15.jar;F:\maven\repository\org\tomlj\tomlj\1.0.0\tomlj-1.0.0.jar;F:\maven\repository\org\antlr\antlr4-runtime\4.7.2\antlr4-runtime-4.7.2.jar;F:\maven\repository\com\google\code\findbugs\jsr305\3.0.2\jsr305-3.0.2.jar;F:\maven\repository\org\springframework\boot\spring-boot-loader-tools\2.5.6\spring-boot-loader-tools-2.5.6.jar;F:\maven\repository\org\apache\maven\shared\maven-common-artifact-filters\3.1.0\maven-common-artifact-filters-3.1.0.jar;F:\maven\repository\org\apache\maven\maven-artifact\3.0\maven-artifact-3.0.jar;F:\maven\repository\org\apache\maven\maven-model\3.0\maven-model-3.0.jar;F:\maven\repository\org\apache\maven\maven-core\3.0\maven-core-3.0.jar;F:\maven\repository\org\apache\maven\maven-settings\3.0\maven-settings-3.0.jar;F:\maven\repository\org\apache\maven\maven-settings-builder\3.0\maven-settings-builder-3.0.jar;F:\maven\repository\org\apache\maven\maven-repository-metadata\3.0\maven-repository-metadata-3.0.jar;F:\maven\repository\org\apache\maven\maven-model-builder\3.0\maven-model-builder-3.0.jar;F:\maven\repository\org\apache\maven\maven-aether-provider\3.0\maven-aether-provider-3.0.jar;F:\maven\repository\org\sonatype\aether\aether-impl\1.7\aether-impl-1.7.jar;F:\maven\repository\org\sonatype\aether\aether-spi\1.7\aether-spi-1.7.jar;F:\maven\repository\org\sonatype\aether\aether-api\1.7\aether-api-1.7.jar;F:\maven\repository\org\sonatype\aether\aether-util\1.7\aether-util-1.7.jar;F:\maven\repository\org\codehaus\plexus\plexus-interpolation\1.14\plexus-interpolation-1.14.jar;F:\maven\repository\org\codehaus\plexus\plexus-component-annotations\1.5.5\plexus-component-annotations-1.5.5.jar;F:\maven\repository\org\sonatype\plexus\plexus-sec-dispatcher\1.3\plexus-sec-dispatcher-1.3.jar;F:\maven\repository\org\sonatype\plexus\plexus-cipher\1.4\plexus-cipher-1.4.jar;F:\maven\repository\org\sonatype\sisu\sisu-inject-plexus\1.4.2\sisu-inject-plexus-1.4.2.jar;F:\maven\repository\org\sonatype\sisu\sisu-inject-bean\1.4.2\sisu-inject-bean-1.4.2.jar;F:\maven\repository\org\sonatype\sisu\sisu-guice\2.1.7\sisu-guice-2.1.7-noaop.jar;F:\maven\repository\org\apache\maven\shared\maven-shared-utils\3.1.0\maven-shared-utils-3.1.0.jar;F:\maven\repository\org\apache\maven\maven-plugin-api\3.6.3\maven-plugin-api-3.6.3.jar;F:\maven\repository\org\eclipse\sisu\org.eclipse.sisu.plexus\0.3.4\org.eclipse.sisu.plexus-0.3.4.jar;F:\maven\repository\javax\enterprise\cdi-api\1.0\cdi-api-1.0.jar;F:\maven\repository\javax\annotation\jsr250-api\1.0\jsr250-api-1.0.jar;F:\maven\repository\javax\inject\javax.inject\1\javax.inject-1.jar;F:\maven\repository\org\eclipse\sisu\org.eclipse.sisu.inject\0.3.4\org.eclipse.sisu.inject-0.3.4.jar;F:\maven\repository\org\codehaus\plexus\plexus-utils\3.2.1\plexus-utils-3.2.1.jar;F:\maven\repository\org\codehaus\plexus\plexus-classworlds\2.6.0\plexus-classworlds-2.6.0.jar;F:\maven\repository\org\sonatype\plexus\plexus-build-api\0.0.7\plexus-build-api-0.0.7.jar;F:\maven\repository\org\springframework\boot\spring-boot-starter-test\2.5.6\spring-boot-starter-test-2.5.6.jar;F:\maven\repository\org\springframework\boot\spring-boot-test\2.5.6\spring-boot-test-2.5.6.jar;F:\maven\repository\org\springframework\boot\spring-boot-test-autoconfigure\2.5.6\spring-boot-test-autoconfigure-2.5.6.jar;F:\maven\repository\com\jayway\jsonpath\json-path\2.5.0\json-path-2.5.0.jar;F:\maven\repository\net\minidev\json-smart\2.4.7\json-smart-2.4.7.jar;F:\maven\repository\net\minidev\accessors-smart\2.4.7\accessors-smart-2.4.7.jar;F:\maven\repository\org\ow2\asm\asm\9.1\asm-9.1.jar;F:\maven\repository\jakarta\xml\bind\jakarta.xml.bind-api\2.3.3\jakarta.xml.bind-api-2.3.3.jar;F:\maven\repository\jakarta\activation\jakarta.activation-api\1.2.2\jakarta.activation-api-1.2.2.jar;F:\maven\repository\org\assertj\assertj-core\3.19.0\assertj-core-3.19.0.jar;F:\maven\repository\org\hamcrest\hamcrest\2.2\hamcrest-2.2.jar;F:\maven\repository\org\junit\jupiter\junit-jupiter\5.7.2\junit-jupiter-5.7.2.jar;F:\maven\repository\org\junit\jupiter\junit-jupiter-api\5.7.2\junit-jupiter-api-5.7.2.jar;F:\maven\repository\org\apiguardian\apiguardian-api\1.1.0\apiguardian-api-1.1.0.jar;F:\maven\repository\org\opentest4j\opentest4j\1.2.0\opentest4j-1.2.0.jar;F:\maven\repository\org\junit\platform\junit-platform-commons\1.7.2\junit-platform-commons-1.7.2.jar;F:\maven\repository\org\junit\jupiter\junit-jupiter-params\5.7.2\junit-jupiter-params-5.7.2.jar;F:\maven\repository\org\junit\jupiter\junit-jupiter-engine\5.7.2\junit-jupiter-engine-5.7.2.jar;F:\maven\repository\org\junit\platform\junit-platform-engine\1.7.2\junit-platform-engine-1.7.2.jar;F:\maven\repository\org\mockito\mockito-core\3.9.0\mockito-core-3.9.0.jar;F:\maven\repository\net\bytebuddy\byte-buddy\1.10.22\byte-buddy-1.10.22.jar;F:\maven\repository\net\bytebuddy\byte-buddy-agent\1.10.22\byte-buddy-agent-1.10.22.jar;F:\maven\repository\org\objenesis\objenesis\3.2\objenesis-3.2.jar;F:\maven\repository\org\mockito\mockito-junit-jupiter\3.9.0\mockito-junit-jupiter-3.9.0.jar;F:\maven\repository\org\skyscreamer\jsonassert\1.5.0\jsonassert-1.5.0.jar;F:\maven\repository\com\vaadin\external\google\android-json\0.0.20131108.vaadin1\android-json-0.0.20131108.vaadin1.jar;F:\maven\repository\org\springframework\spring-test\5.3.12\spring-test-5.3.12.jar;F:\maven\repository\org\springframework\boot\spring-boot-starter-web\2.5.6\spring-boot-starter-web-2.5.6.jar;F:\maven\repository\org\springframework\boot\spring-boot-starter-json\2.5.6\spring-boot-starter-json-2.5.6.jar;F:\maven\repository\com\fasterxml\jackson\datatype\jackson-datatype-jdk8\2.12.5\jackson-datatype-jdk8-2.12.5.jar;F:\maven\repository\com\fasterxml\jackson\datatype\jackson-datatype-jsr310\2.12.5\jackson-datatype-jsr310-2.12.5.jar;F:\maven\repository\org\springframework\boot\spring-boot-starter-tomcat\2.5.6\spring-boot-starter-tomcat-2.5.6.jar;F:\maven\repository\org\apache\tomcat\embed\tomcat-embed-core\9.0.54\tomcat-embed-core-9.0.54.jar;F:\maven\repository\org\apache\tomcat\embed\tomcat-embed-el\9.0.54\tomcat-embed-el-9.0.54.jar;F:\maven\repository\org\apache\tomcat\embed\tomcat-embed-websocket\9.0.54\tomcat-embed-websocket-9.0.54.jar;F:\maven\repository\org\springframework\spring-web\5.3.12\spring-web-5.3.12.jar;F:\maven\repository\org\springframework\spring-beans\5.3.12\spring-beans-5.3.12.jar;F:\maven\repository\org\springframework\spring-webmvc\5.3.12\spring-webmvc-5.3.12.jar;F:\maven\repository\org\springframework\spring-aop\5.3.12\spring-aop-5.3.12.jar;F:\maven\repository\org\springframework\spring-expression\5.3.12\spring-expression-5.3.12.jar;F:\maven\repository\org\projectlombok\lombok\1.18.22\lombok-1.18.22.jar;F:\maven\repository\org\mybatis\mybatis\3.4.4\mybatis-3.4.4.jar;F:\maven\repository\org\xmlunit\xmlunit-core\2.8.3\xmlunit-core-2.8.3.jar;F:\maven\repository\hu\blackbelt\bundles\swagger-parser\io.swagger.parser\1.0.47_1\io.swagger.parser-1.0.47_1.jar;F:\maven\repository\io\swagger\swagger-parser\1.0.47\swagger-parser-1.0.47.jar;F:\maven\repository\io\swagger\swagger-core\1.5.24\swagger-core-1.5.24.jar;F:\maven\repository\org\apache\commons\commons-lang3\3.12.0\commons-lang3-3.12.0.jar;F:\maven\repository\com\fasterxml\jackson\dataformat\jackson-dataformat-yaml\2.12.5\jackson-dataformat-yaml-2.12.5.jar;F:\maven\repository\io\swagger\swagger-models\1.5.24\swagger-models-1.5.24.jar;F:\maven\repository\io\swagger\swagger-annotations\1.5.24\swagger-annotations-1.5.24.jar;F:\maven\repository\com\google\guava\guava\27.0.1-android\guava-27.0.1-android.jar;F:\maven\repository\com\google\guava\failureaccess\1.0.1\failureaccess-1.0.1.jar;F:\maven\repository\com\google\guava\listenablefuture\9999.0-empty-to-avoid-conflict-with-guava\listenablefuture-9999.0-empty-to-avoid-conflict-with-guava.jar;F:\maven\repository\org\checkerframework\checker-compat-qual\2.5.2\checker-compat-qual-2.5.2.jar;F:\maven\repository\com\google\errorprone\error_prone_annotations\2.2.0\error_prone_annotations-2.2.0.jar;F:\maven\repository\com\google\j2objc\j2objc-annotations\1.1\j2objc-annotations-1.1.jar;F:\maven\repository\org\codehaus\mojo\animal-sniffer-annotations\1.17\animal-sniffer-annotations-1.17.jar;F:\maven\repository\javax\validation\validation-api\2.0.1.Final\validation-api-2.0.1.Final.jar;F:\maven\repository\org\slf4j\slf4j-ext\1.7.32\slf4j-ext-1.7.32.jar;F:\maven\repository\commons-io\commons-io\2.4\commons-io-2.4.jar;"/>
    <property name="sun.cpu.endian" value="little"/>
    <property name="user.home" value="C:\Users\Chen"/>
    <property name="user.language" value="zh"/>
    <property name="java.specification.vendor" value="Oracle Corporation"/>
    <property name="java.version.date" value="2021-01-19"/>
    <property name="java.home" value="C:\Program Files\Java\jdk-15.0.2"/>
    <property name="file.separator" value="\"/>
    <property name="basedir" value="C:\Users\Chen\Desktop\作业\06springboot作业-陈明涛\06springboot作业-陈明涛\springboot"/>
    <property name="java.vm.compressedOopsMode" value="32-bit"/>
    <property name="line.separator" value="&#10;"/>
    <property name="java.vm.specification.vendor" value="Oracle Corporation"/>
    <property name="java.specification.name" value="Java Platform API Specification"/>
    <property name="surefire.real.class.path" value="C:\Users\Chen\AppData\Local\Temp\surefire14844894521853719520\surefirebooter10193934865335992926.jar"/>
    <property name="user.script" value=""/>
    <property name="sun.management.compiler" value="HotSpot 64-Bit Tiered Compilers"/>
    <property name="java.runtime.version" value="15.0.2+7-27"/>
    <property name="user.name" value="Chen"/>
    <property name="path.separator" value=";"/>
    <property name="os.version" value="10.0"/>
    <property name="java.runtime.name" value="Java(TM) SE Runtime Environment"/>
    <property name="file.encoding" value="GBK"/>
    <property name="java.vm.name" value="Java HotSpot(TM) 64-Bit Server VM"/>
    <property name="localRepository" value="F:\maven\repository"/>
    <property name="java.vendor.url.bug" value="https://bugreport.java.com/bugreport/"/>
    <property name="java.io.tmpdir" value="C:\Users\Chen\AppData\Local\Temp\"/>
    <property name="idea.version" value="2020.3.2"/>
    <property name="java.version" value="15.0.2"/>
    <property name="user.dir" value="C:\Users\Chen\Desktop\作业\06springboot作业-陈明涛\06springboot作业-陈明涛\springboot"/>
    <property name="os.arch" value="amd64"/>
    <property name="java.vm.specification.name" value="Java Virtual Machine Specification"/>
    <property name="sun.os.patch.level" value=""/>
    <property name="java.library.path" value="C:\Program Files\Java\jdk-15.0.2\bin;C:\Windows\Sun\Java\bin;C:\Windows\system32;C:\Windows;C:\Program Files\Common Files\Oracle\Java\javapath;C:\Windows\system32;C:\Windows;C:\Windows\System32\Wbem;C:\Windows\System32\WindowsPowerShell\v1.0\;C:\Windows\System32\OpenSSH\;C:\Program Files (x86)\NVIDIA Corporation\PhysX\Common;C:\Program Files\NVIDIA Corporation\NVIDIA NvDLISR;C:\Program Files\Java\jdk-15.0.2\bin;E:\anzhuangbao\;C:\Program Files\python;C:\Program Files\python\Scripts;;E:\BtSoft\panel\script;C:\Program Files\MySQL\MySQL Shell 8.0\bin\;C:\Users\Chen\AppData\Local\Microsoft\WindowsApps;;."/>
    <property name="java.vm.info" value="mixed mode, sharing"/>
    <property name="java.vendor" value="Oracle Corporation"/>
    <property name="java.vm.version" value="15.0.2+7-27"/>
    <property name="sun.io.unicode.encoding" value="UnicodeLittle"/>
    <property name="maven.repo.local" value="F:\maven\repository"/>
    <property name="java.class.version" value="59.0"/>
  </properties>
  <testcase name="contextLoads" classname="cn.goktech.SpringbootApplicationTests" time="0.93"/>
</testsuite>